<?xml version="1.0" encoding="UTF-8"?>
<!-- Generated by org.testng.reporters.JUnitReportReporter -->
<testsuite skipped="0" hostname="CDC2-LX-1MX6QQ2" name="test.Online_Shopping" tests="1" failures="0" timestamp="05 Dec 2019 05:11:26 GMT" time="20.486" errors="0">
  <testcase name="login" time="20.486" classname="test.Online_Shopping"/>
</testsuite> <!-- test.Online_Shopping -->
